[mattfarley.ca/index.html]
[backblue.gif]
[fade.gif]
[index.html]
[mattfarley.ca/images/favicon/favicon-32.png]
[mattfarley.ca/css/main.css]
[mattfarley.ca/images/logomark.svg]
[mattfarley.ca/cdn-cgi/l/email-protection.html]
[mattfarley.ca/images/project-showcase-glc.png]
[mattfarley.ca/images/avatar-glen.jpg]
[mattfarley.ca/images/project-showcase-wedler.png]
[mattfarley.ca/images/avatar-sean.jpg]
[mattfarley.ca/images/ylbuilders.jpg]
[mattfarley.ca/images/basin.jpg]
[mattfarley.ca/images/houston.jpg]
[mattfarley.ca/images/designlab.jpg]
[mattfarley.ca/images/dovetail.jpg]
[mattfarley.ca/images/userforge.jpg]
[mattfarley.ca/cdn-cgi/scripts/d07b1474/cloudflare-static/email-decode.min.js]
[mattfarley.ca/js/modernizr.min.js]
[mattfarley.ca/js/jquery-1.10.2.min.js]
[mattfarley.ca/js/jquery-1.11.1.min.js]
[mattfarley.ca/js/jquery.easing.1.3.min.js]
[mattfarley.ca/js/jquery.scrollto.min.js]
[mattfarley.ca/js/custom.min.js]
[mattfarley.ca/js/wow.min.js]
[mattfarley.ca/index.html]
[mattfarley.ca/images/mf-logo.svg]
[mattfarley.ca/js/velocity.min.js]
[mattfarley.ca/images/hero-bg.jpg]
[mattfarley.ca/css/main.css]
[mattfarley.ca/images/logomark.svg]
[mattfarley.ca/cdn-cgi/l/email-protection.html]
[mattfarley.ca/images/mf-logo.html]
[mattfarley.ca/images/cd-icon-close.svg]
[mattfarley.ca/images/cd-icon-close.svg]
